<?xml version="1.0" encoding="UTF-8"?>
<testng-results ignored="0" total="1" passed="1" failed="0" skipped="0">
  <reporter-output>
  </reporter-output>
  <suite started-at="2021-01-31T12:56:53 EST" name="Suite" finished-at="2021-01-31T12:57:09 EST" duration-ms="15994">
    <groups>
      <group name="cucumber">
        <method signature="AbstractTestNGCucumberTests.feature(cucumber.api.testng.CucumberFeatureWrapper)[pri:0, instance:TestRunner.TestRunner@5ccddd20]" name="feature" class="cucumber.api.testng.AbstractTestNGCucumberTests"/>
      </group> <!-- cucumber -->
    </groups>
    <test started-at="2021-01-31T12:56:53 EST" name="Test" finished-at="2021-01-31T12:57:09 EST" duration-ms="15994">
      <class name="TestRunner.TestRunner">
        <test-method is-config="true" signature="setUpClass()[pri:0, instance:TestRunner.TestRunner@5ccddd20]" started-at="2021-01-31T12:56:53 EST" name="setUpClass" finished-at="2021-01-31T12:56:53 EST" duration-ms="558" status="PASS">
          <reporter-output>
          </reporter-output>
        </test-method> <!-- setUpClass -->
        <test-method signature="feature(cucumber.api.testng.CucumberFeatureWrapper)[pri:0, instance:TestRunner.TestRunner@5ccddd20]" started-at="2021-01-31T12:56:53 EST" name="feature" description="Runs Cucumber Feature" data-provider="features" finished-at="2021-01-31T12:57:08 EST" duration-ms="15217" status="PASS">
          <params>
            <param index="0">
              <value>
                <![CDATA[Login page validations]]>
              </value>
            </param>
          </params>
          <reporter-output>
          </reporter-output>
        </test-method> <!-- feature -->
        <test-method is-config="true" signature="tearDownClass()[pri:0, instance:TestRunner.TestRunner@5ccddd20]" started-at="2021-01-31T12:57:08 EST" name="tearDownClass" finished-at="2021-01-31T12:57:09 EST" duration-ms="5" status="PASS">
          <reporter-output>
          </reporter-output>
        </test-method> <!-- tearDownClass -->
      </class> <!-- TestRunner.TestRunner -->
    </test> <!-- Test -->
  </suite> <!-- Suite -->
</testng-results>
